{"C:\\Users\\ronan.medeiros\\Documents\\github\\backend-js\\services\\exercicios.js": {"path":"C:\\Users\\ronan.medeiros\\Documents\\github\\backend-js\\services\\exercicios.js","statementMap":{"0":{"start":{"line":2,"column":20},"end":{"line":2,"column":30}},"1":{"start":{"line":3,"column":20},"end":{"line":3,"column":30}},"2":{"start":{"line":4,"column":19},"end":{"line":4,"column":36}},"3":{"start":{"line":6,"column":4},"end":{"line":6,"column":22}},"4":{"start":{"line":11,"column":14},"end":{"line":11,"column":29}},"5":{"start":{"line":12,"column":14},"end":{"line":12,"column":32}},"6":{"start":{"line":13,"column":19},"end":{"line":13,"column":34}},"7":{"start":{"line":14,"column":4},"end":{"line":14,"column":18}},"8":{"start":{"line":18,"column":4},"end":{"line":18,"column":55}},"9":{"start":{"line":23,"column":4},"end":{"line":23,"column":35}},"10":{"start":{"line":27,"column":4},"end":{"line":27,"column":28}}},"fnMap":{"0":{"name":"somar","decl":{"start":{"line":1,"column":16},"end":{"line":1,"column":21}},"loc":{"start":{"line":1,"column":34},"end":{"line":8,"column":1}},"line":1},"1":{"name":"salario","decl":{"start":{"line":10,"column":16},"end":{"line":10,"column":23}},"loc":{"start":{"line":10,"column":50},"end":{"line":15,"column":1}},"line":10},"2":{"name":"media5Pesos","decl":{"start":{"line":17,"column":16},"end":{"line":17,"column":27}},"loc":{"start":{"line":17,"column":64},"end":{"line":20,"column":1}},"line":17},"3":{"name":"celsiusToFahrenheit","decl":{"start":{"line":22,"column":16},"end":{"line":22,"column":35}},"loc":{"start":{"line":22,"column":45},"end":{"line":24,"column":1}},"line":22},"4":{"name":"milhasToKm","decl":{"start":{"line":26,"column":16},"end":{"line":26,"column":26}},"loc":{"start":{"line":26,"column":35},"end":{"line":28,"column":1}},"line":26}},"branchMap":{},"s":{"0":4,"1":4,"2":4,"3":4,"4":4,"5":4,"6":4,"7":4,"8":4,"9":3,"10":3},"f":{"0":4,"1":4,"2":4,"3":3,"4":3},"b":{},"_coverageSchema":"1a1c01bbd47fc00a2c39e90264f33305004495a9","hash":"20575c0aab5ec963a80164ba425c04a1ecefbec4"}
}
